<?xml version="1.0" encoding="UTF-8"?>
<coverage generated="1782685235283" clover="3.2.0">
  <project timestamp="1782685235283" name="All files">
    <metrics statements="67" coveredstatements="67" conditionals="36" coveredconditionals="36" methods="32" coveredmethods="32" elements="135" coveredelements="135" complexity="0" loc="67" ncloc="67" packages="3" files="7" classes="7"/>
    <package name="api">
      <metrics statements="8" coveredstatements="8" conditionals="0" coveredconditionals="0" methods="4" coveredmethods="4"/>
      <file name="users.js" path="C:\Users\Hp\Desktop\Projects\user-management-dashboard\src\api\users.js">
        <metrics statements="8" coveredstatements="8" conditionals="0" coveredconditionals="0" methods="4" coveredmethods="4"/>
        <line num="3" count="1" type="stmt"/>
        <line num="8" count="1" type="stmt"/>
        <line num="9" count="1" type="stmt"/>
        <line num="13" count="1" type="stmt"/>
        <line num="14" count="1" type="stmt"/>
        <line num="18" count="1" type="stmt"/>
        <line num="19" count="1" type="stmt"/>
        <line num="23" count="1" type="stmt"/>
      </file>
    </package>
    <package name="components">
      <metrics statements="36" coveredstatements="36" conditionals="24" coveredconditionals="24" methods="22" coveredmethods="22"/>
      <file name="Pagination.jsx" path="C:\Users\Hp\Desktop\Projects\user-management-dashboard\src\components\Pagination.jsx">
        <metrics statements="5" coveredstatements="5" conditionals="4" coveredconditionals="4" methods="5" coveredmethods="5"/>
        <line num="8" count="6" type="stmt"/>
        <line num="20" count="1" type="stmt"/>
        <line num="25" count="24" type="stmt"/>
        <line num="40" count="1" type="stmt"/>
        <line num="52" count="1" type="stmt"/>
      </file>
      <file name="UserModal.jsx" path="C:\Users\Hp\Desktop\Projects\user-management-dashboard\src\components\UserModal.jsx">
        <metrics statements="22" coveredstatements="22" conditionals="14" coveredconditionals="14" methods="10" coveredmethods="10"/>
        <line num="11" count="37" type="stmt"/>
        <line num="19" count="37" type="stmt"/>
        <line num="20" count="37" type="stmt"/>
        <line num="23" count="37" type="stmt"/>
        <line num="24" count="5" type="cond" truecount="2" falsecount="0"/>
        <line num="25" count="1" type="stmt"/>
        <line num="30" count="2" type="stmt"/>
        <line num="32" count="2" type="stmt"/>
        <line num="33" count="8" type="stmt"/>
        <line num="35" count="8" type="cond" truecount="2" falsecount="0"/>
        <line num="36" count="3" type="stmt"/>
        <line num="40" count="2" type="stmt"/>
        <line num="42" count="2" type="stmt"/>
        <line num="46" count="2" type="stmt"/>
        <line num="48" count="2" type="cond" truecount="2" falsecount="0"/>
        <line num="50" count="1" type="stmt"/>
        <line num="54" count="29" type="stmt"/>
        <line num="56" count="29" type="stmt"/>
        <line num="62" count="37" type="stmt"/>
        <line num="84" count="148" type="stmt"/>
        <line num="91" count="296" type="stmt"/>
        <line num="115" count="185" type="stmt"/>
      </file>
      <file name="UserTable.jsx" path="C:\Users\Hp\Desktop\Projects\user-management-dashboard\src\components\UserTable.jsx">
        <metrics statements="9" coveredstatements="9" conditionals="6" coveredconditionals="6" methods="7" coveredmethods="7"/>
        <line num="8" count="8" type="stmt"/>
        <line num="17" count="40" type="cond" truecount="2" falsecount="0"/>
        <line num="19" count="2" type="cond" truecount="2" falsecount="0"/>
        <line num="22" count="8" type="stmt"/>
        <line num="31" count="40" type="stmt"/>
        <line num="33" count="1" type="stmt"/>
        <line num="62" count="7" type="stmt"/>
        <line num="89" count="1" type="stmt"/>
        <line num="96" count="1" type="stmt"/>
      </file>
    </package>
    <package name="utils">
      <metrics statements="23" coveredstatements="23" conditionals="12" coveredconditionals="12" methods="6" coveredmethods="6"/>
      <file name="constants.js" path="C:\Users\Hp\Desktop\Projects\user-management-dashboard\src\utils\constants.js">
        <metrics statements="1" coveredstatements="1" conditionals="0" coveredconditionals="0" methods="0" coveredmethods="0"/>
        <line num="1" count="2" type="stmt"/>
      </file>
      <file name="sortUsers.js" path="C:\Users\Hp\Desktop\Projects\user-management-dashboard\src\utils\sortUsers.js">
        <metrics statements="12" coveredstatements="12" conditionals="10" coveredconditionals="10" methods="2" coveredmethods="2"/>
        <line num="2" count="5" type="cond" truecount="2" falsecount="0"/>
        <line num="3" count="1" type="stmt"/>
        <line num="6" count="4" type="stmt"/>
        <line num="8" count="4" type="stmt"/>
        <line num="9" count="13" type="stmt"/>
        <line num="10" count="13" type="stmt"/>
        <line num="12" count="13" type="cond" truecount="2" falsecount="0"/>
        <line num="13" count="6" type="cond" truecount="2" falsecount="0"/>
        <line num="16" count="7" type="cond" truecount="2" falsecount="0"/>
        <line num="17" count="6" type="cond" truecount="2" falsecount="0"/>
        <line num="20" count="1" type="stmt"/>
        <line num="23" count="4" type="stmt"/>
      </file>
      <file name="transformUsers.js" path="C:\Users\Hp\Desktop\Projects\user-management-dashboard\src\utils\transformUsers.js">
        <metrics statements="10" coveredstatements="10" conditionals="2" coveredconditionals="2" methods="4" coveredmethods="4"/>
        <line num="4" count="203" type="stmt"/>
        <line num="8" count="3" type="stmt"/>
        <line num="10" count="3" type="stmt"/>
        <line num="23" count="3" type="stmt"/>
        <line num="25" count="2" type="stmt"/>
        <line num="27" count="2" type="stmt"/>
        <line num="29" count="2" type="stmt"/>
        <line num="30" count="200" type="stmt"/>
        <line num="32" count="200" type="stmt"/>
        <line num="41" count="2" type="stmt"/>
      </file>
    </package>
  </project>
</coverage>
