{"C:\\Users\\Hp\\Desktop\\Projects\\user-management-dashboard\\src\\api\\users.js": {"path":"C:\\Users\\Hp\\Desktop\\Projects\\user-management-dashboard\\src\\api\\users.js","statementMap":{"0":{"start":{"line":3,"column":12},"end":{"line":5,"column":null}},"1":{"start":{"line":8,"column":19},"end":{"line":8,"column":null}},"2":{"start":{"line":9,"column":2},"end":{"line":9,"column":null}},"3":{"start":{"line":13,"column":19},"end":{"line":13,"column":null}},"4":{"start":{"line":14,"column":2},"end":{"line":14,"column":null}},"5":{"start":{"line":18,"column":19},"end":{"line":18,"column":null}},"6":{"start":{"line":19,"column":2},"end":{"line":19,"column":null}},"7":{"start":{"line":23,"column":2},"end":{"line":23,"column":null}}},"fnMap":{"0":{"name":"getUsers","decl":{"start":{"line":7,"column":22},"end":{"line":7,"column":33}},"loc":{"start":{"line":7,"column":33},"end":{"line":10,"column":null}},"line":7},"1":{"name":"createUser","decl":{"start":{"line":12,"column":22},"end":{"line":12,"column":33}},"loc":{"start":{"line":12,"column":39},"end":{"line":15,"column":null}},"line":12},"2":{"name":"updateUser","decl":{"start":{"line":17,"column":22},"end":{"line":17,"column":33}},"loc":{"start":{"line":17,"column":39},"end":{"line":20,"column":null}},"line":17},"3":{"name":"deleteUser","decl":{"start":{"line":22,"column":22},"end":{"line":22,"column":33}},"loc":{"start":{"line":22,"column":37},"end":{"line":24,"column":null}},"line":22}},"branchMap":{},"s":{"0":1,"1":1,"2":1,"3":1,"4":1,"5":1,"6":1,"7":1},"f":{"0":1,"1":1,"2":1,"3":1},"b":{},"meta":{"lastBranch":0,"lastFunction":4,"lastStatement":8,"seen":{"s:3:12:5:Infinity":0,"f:7:22:7:33":0,"s:8:19:8:Infinity":1,"s:9:2:9:Infinity":2,"f:12:22:12:33":1,"s:13:19:13:Infinity":3,"s:14:2:14:Infinity":4,"f:17:22:17:33":2,"s:18:19:18:Infinity":5,"s:19:2:19:Infinity":6,"f:22:22:22:33":3,"s:23:2:23:Infinity":7},"fnNames":{}}}
,"C:\\Users\\Hp\\Desktop\\Projects\\user-management-dashboard\\src\\components\\Pagination.jsx": {"path":"C:\\Users\\Hp\\Desktop\\Projects\\user-management-dashboard\\src\\components\\Pagination.jsx","statementMap":{"0":{"start":{"line":8,"column":4},"end":{"line":60,"column":null}},"1":{"start":{"line":20,"column":24},"end":{"line":20,"column":null}},"2":{"start":{"line":25,"column":24},"end":{"line":30,"column":null}},"3":{"start":{"line":40,"column":35},"end":{"line":40,"column":null}},"4":{"start":{"line":52,"column":35},"end":{"line":52,"column":null}}},"fnMap":{"0":{"name":"Pagination","decl":{"start":{"line":1,"column":24},"end":{"line":1,"column":35}},"loc":{"start":{"line":7,"column":3},"end":{"line":62,"column":null}},"line":7},"1":{"name":"(anonymous_1)","decl":{"start":{"line":19,"column":20},"end":{"line":19,"column":31}},"loc":{"start":{"line":20,"column":24},"end":{"line":20,"column":null}},"line":20},"2":{"name":"(anonymous_2)","decl":{"start":{"line":24,"column":39},"end":{"line":24,"column":44}},"loc":{"start":{"line":25,"column":24},"end":{"line":30,"column":null}},"line":25},"3":{"name":"(anonymous_3)","decl":{"start":{"line":40,"column":20},"end":{"line":40,"column":35}},"loc":{"start":{"line":40,"column":35},"end":{"line":40,"column":null}},"line":40},"4":{"name":"(anonymous_4)","decl":{"start":{"line":52,"column":20},"end":{"line":52,"column":35}},"loc":{"start":{"line":52,"column":35},"end":{"line":52,"column":null}},"line":52}},"branchMap":{"0":{"loc":{"start":{"line":47,"column":26},"end":{"line":47,"column":54}},"type":"cond-expr","locations":[{"start":{"line":47,"column":45},"end":{"line":47,"column":49}},{"start":{"line":47,"column":49},"end":{"line":47,"column":54}}],"line":47},"1":{"loc":{"start":{"line":51,"column":30},"end":{"line":51,"column":null}},"type":"binary-expr","locations":[{"start":{"line":51,"column":30},"end":{"line":51,"column":53}},{"start":{"line":51,"column":53},"end":{"line":51,"column":null}}],"line":51}},"s":{"0":6,"1":1,"2":24,"3":1,"4":1},"f":{"0":6,"1":1,"2":24,"3":1,"4":1},"b":{"0":[1,5],"1":[6,6]},"meta":{"lastBranch":2,"lastFunction":5,"lastStatement":5,"seen":{"f:1:24:1:35":0,"s:8:4:60:Infinity":0,"f:19:20:19:31":1,"s:20:24:20:Infinity":1,"f:24:39:24:44":2,"s:25:24:30:Infinity":2,"f:40:20:40:35":3,"s:40:35:40:Infinity":3,"b:47:45:47:49:47:49:47:54":0,"b:51:30:51:53:51:53:51:Infinity":1,"f:52:20:52:35":4,"s:52:35:52:Infinity":4},"fnNames":{}}}
,"C:\\Users\\Hp\\Desktop\\Projects\\user-management-dashboard\\src\\components\\UserModal.jsx": {"path":"C:\\Users\\Hp\\Desktop\\Projects\\user-management-dashboard\\src\\components\\UserModal.jsx","statementMap":{"0":{"start":{"line":11,"column":21},"end":{"line":17,"column":null}},"1":{"start":{"line":19,"column":19},"end":{"line":19,"column":null}},"2":{"start":{"line":20,"column":10},"end":{"line":20,"column":null}},"3":{"start":{"line":23,"column":4},"end":{"line":27,"column":null}},"4":{"start":{"line":24,"column":8},"end":{"line":26,"column":null}},"5":{"start":{"line":25,"column":12},"end":{"line":25,"column":null}},"6":{"start":{"line":30,"column":33},"end":{"line":30,"column":null}},"7":{"start":{"line":32,"column":8},"end":{"line":38,"column":null}},"8":{"start":{"line":33,"column":26},"end":{"line":33,"column":null}},"9":{"start":{"line":35,"column":12},"end":{"line":37,"column":null}},"10":{"start":{"line":36,"column":16},"end":{"line":36,"column":null}},"11":{"start":{"line":40,"column":8},"end":{"line":40,"column":null}},"12":{"start":{"line":42,"column":8},"end":{"line":42,"column":null}},"13":{"start":{"line":46,"column":8},"end":{"line":46,"column":null}},"14":{"start":{"line":48,"column":8},"end":{"line":48,"column":null}},"15":{"start":{"line":48,"column":25},"end":{"line":48,"column":null}},"16":{"start":{"line":50,"column":8},"end":{"line":50,"column":null}},"17":{"start":{"line":54,"column":32},"end":{"line":54,"column":null}},"18":{"start":{"line":56,"column":8},"end":{"line":59,"column":null}},"19":{"start":{"line":56,"column":31},"end":{"line":59,"column":10}},"20":{"start":{"line":62,"column":4},"end":{"line":147,"column":null}},"21":{"start":{"line":84,"column":24},"end":{"line":105,"column":null}},"22":{"start":{"line":91,"column":51},"end":{"line":91,"column":null}},"23":{"start":{"line":115,"column":28},"end":{"line":120,"column":null}}},"fnMap":{"0":{"name":"UserModal","decl":{"start":{"line":6,"column":24},"end":{"line":6,"column":34}},"loc":{"start":{"line":10,"column":3},"end":{"line":149,"column":null}},"line":10},"1":{"name":"(anonymous_1)","decl":{"start":{"line":23,"column":4},"end":{"line":23,"column":20}},"loc":{"start":{"line":23,"column":20},"end":{"line":27,"column":7}},"line":23},"2":{"name":"validate","decl":{"start":{"line":29,"column":13},"end":{"line":29,"column":24}},"loc":{"start":{"line":29,"column":24},"end":{"line":43,"column":null}},"line":29},"3":{"name":"(anonymous_3)","decl":{"start":{"line":32,"column":39},"end":{"line":32,"column":48}},"loc":{"start":{"line":32,"column":56},"end":{"line":38,"column":9}},"line":32},"4":{"name":"handleSubmit","decl":{"start":{"line":45,"column":13},"end":{"line":45,"column":26}},"loc":{"start":{"line":45,"column":29},"end":{"line":51,"column":null}},"line":45},"5":{"name":"handleChange","decl":{"start":{"line":53,"column":13},"end":{"line":53,"column":26}},"loc":{"start":{"line":53,"column":29},"end":{"line":60,"column":null}},"line":53},"6":{"name":"(anonymous_6)","decl":{"start":{"line":56,"column":8},"end":{"line":56,"column":21}},"loc":{"start":{"line":56,"column":31},"end":{"line":59,"column":10}},"line":56},"7":{"name":"(anonymous_7)","decl":{"start":{"line":83,"column":22},"end":{"line":83,"column":27}},"loc":{"start":{"line":84,"column":24},"end":{"line":105,"column":null}},"line":84},"8":{"name":"(anonymous_8)","decl":{"start":{"line":91,"column":32},"end":{"line":91,"column":38}},"loc":{"start":{"line":91,"column":51},"end":{"line":91,"column":null}},"line":91},"9":{"name":"(anonymous_9)","decl":{"start":{"line":114,"column":37},"end":{"line":114,"column":42}},"loc":{"start":{"line":115,"column":28},"end":{"line":120,"column":null}},"line":115}},"branchMap":{"0":{"loc":{"start":{"line":24,"column":8},"end":{"line":26,"column":null}},"type":"if","locations":[{"start":{"line":24,"column":8},"end":{"line":26,"column":null}},{"start":{},"end":{}}],"line":24},"1":{"loc":{"start":{"line":35,"column":12},"end":{"line":37,"column":null}},"type":"if","locations":[{"start":{"line":35,"column":12},"end":{"line":37,"column":null}},{"start":{},"end":{}}],"line":35},"2":{"loc":{"start":{"line":48,"column":8},"end":{"line":48,"column":null}},"type":"if","locations":[{"start":{"line":48,"column":8},"end":{"line":48,"column":null}},{"start":{},"end":{}}],"line":48},"3":{"loc":{"start":{"line":69,"column":21},"end":{"line":69,"column":null}},"type":"cond-expr","locations":[{"start":{"line":69,"column":28},"end":{"line":69,"column":42}},{"start":{"line":69,"column":42},"end":{"line":69,"column":null}}],"line":69},"4":{"loc":{"start":{"line":87,"column":36},"end":{"line":89,"column":null}},"type":"cond-expr","locations":[{"start":{"line":88,"column":42},"end":{"line":88,"column":null}},{"start":{"line":89,"column":42},"end":{"line":89,"column":null}}],"line":87},"5":{"loc":{"start":{"line":100,"column":29},"end":{"line":105,"column":null}},"type":"binary-expr","locations":[{"start":{"line":100,"column":29},"end":{"line":100,"column":null}},{"start":{"line":101,"column":32},"end":{"line":105,"column":null}}],"line":100},"6":{"loc":{"start":{"line":138,"column":29},"end":{"line":138,"column":null}},"type":"cond-expr","locations":[{"start":{"line":138,"column":36},"end":{"line":138,"column":47}},{"start":{"line":138,"column":47},"end":{"line":138,"column":null}}],"line":138}},"s":{"0":37,"1":37,"2":37,"3":37,"4":5,"5":1,"6":2,"7":2,"8":8,"9":8,"10":3,"11":2,"12":2,"13":2,"14":2,"15":1,"16":1,"17":29,"18":29,"19":29,"20":37,"21":148,"22":296,"23":185},"f":{"0":37,"1":5,"2":2,"3":8,"4":2,"5":29,"6":29,"7":148,"8":296,"9":185},"b":{"0":[1,4],"1":[3,5],"2":[1,1],"3":[2,35],"4":[37,111],"5":[148,3],"6":[2,35]},"meta":{"lastBranch":7,"lastFunction":10,"lastStatement":24,"seen":{"f:6:24:6:34":0,"s:11:21:17:Infinity":0,"s:19:19:19:Infinity":1,"s:20:10:20:Infinity":2,"s:23:4:27:Infinity":3,"f:23:4:23:20":1,"b:24:8:26:Infinity:undefined:undefined:undefined:undefined":0,"s:24:8:26:Infinity":4,"s:25:12:25:Infinity":5,"f:29:13:29:24":2,"s:30:33:30:Infinity":6,"s:32:8:38:Infinity":7,"f:32:39:32:48":3,"s:33:26:33:Infinity":8,"b:35:12:37:Infinity:undefined:undefined:undefined:undefined":1,"s:35:12:37:Infinity":9,"s:36:16:36:Infinity":10,"s:40:8:40:Infinity":11,"s:42:8:42:Infinity":12,"f:45:13:45:26":4,"s:46:8:46:Infinity":13,"b:48:8:48:Infinity:undefined:undefined:undefined:undefined":2,"s:48:8:48:Infinity":14,"s:48:25:48:Infinity":15,"s:50:8:50:Infinity":16,"f:53:13:53:26":5,"s:54:32:54:Infinity":17,"s:56:8:59:Infinity":18,"f:56:8:56:21":6,"s:56:31:59:10":19,"s:62:4:147:Infinity":20,"b:69:28:69:42:69:42:69:Infinity":3,"f:83:22:83:27":7,"s:84:24:105:Infinity":21,"b:88:42:88:Infinity:89:42:89:Infinity":4,"f:91:32:91:38":8,"s:91:51:91:Infinity":22,"b:100:29:100:Infinity:101:32:105:Infinity":5,"f:114:37:114:42":9,"s:115:28:120:Infinity":23,"b:138:36:138:47:138:47:138:Infinity":6},"fnNames":{}}}
,"C:\\Users\\Hp\\Desktop\\Projects\\user-management-dashboard\\src\\components\\UserTable.jsx": {"path":"C:\\Users\\Hp\\Desktop\\Projects\\user-management-dashboard\\src\\components\\UserTable.jsx","statementMap":{"0":{"start":{"line":8,"column":20},"end":{"line":14,"column":null}},"1":{"start":{"line":17,"column":8},"end":{"line":17,"column":null}},"2":{"start":{"line":17,"column":36},"end":{"line":17,"column":null}},"3":{"start":{"line":19,"column":8},"end":{"line":19,"column":null}},"4":{"start":{"line":22,"column":4},"end":{"line":111,"column":null}},"5":{"start":{"line":31,"column":28},"end":{"line":38,"column":null}},"6":{"start":{"line":33,"column":47},"end":{"line":33,"column":null}},"7":{"start":{"line":62,"column":28},"end":{"line":104,"column":null}},"8":{"start":{"line":89,"column":55},"end":{"line":89,"column":null}},"9":{"start":{"line":96,"column":55},"end":{"line":96,"column":null}}},"fnMap":{"0":{"name":"UserTable","decl":{"start":{"line":1,"column":24},"end":{"line":1,"column":34}},"loc":{"start":{"line":7,"column":3},"end":{"line":113,"column":null}},"line":7},"1":{"name":"getArrow","decl":{"start":{"line":16,"column":13},"end":{"line":16,"column":22}},"loc":{"start":{"line":16,"column":27},"end":{"line":20,"column":null}},"line":16},"2":{"name":"(anonymous_2)","decl":{"start":{"line":30,"column":33},"end":{"line":30,"column":38}},"loc":{"start":{"line":31,"column":28},"end":{"line":38,"column":null}},"line":31},"3":{"name":"(anonymous_3)","decl":{"start":{"line":33,"column":32},"end":{"line":33,"column":47}},"loc":{"start":{"line":33,"column":47},"end":{"line":33,"column":null}},"line":33},"4":{"name":"(anonymous_4)","decl":{"start":{"line":61,"column":30},"end":{"line":61,"column":35}},"loc":{"start":{"line":62,"column":28},"end":{"line":104,"column":null}},"line":62},"5":{"name":"(anonymous_5)","decl":{"start":{"line":89,"column":40},"end":{"line":89,"column":55}},"loc":{"start":{"line":89,"column":55},"end":{"line":89,"column":null}},"line":89},"6":{"name":"(anonymous_6)","decl":{"start":{"line":96,"column":40},"end":{"line":96,"column":55}},"loc":{"start":{"line":96,"column":55},"end":{"line":96,"column":null}},"line":96}},"branchMap":{"0":{"loc":{"start":{"line":17,"column":8},"end":{"line":17,"column":null}},"type":"if","locations":[{"start":{"line":17,"column":8},"end":{"line":17,"column":null}},{"start":{},"end":{}}],"line":17},"1":{"loc":{"start":{"line":19,"column":15},"end":{"line":19,"column":null}},"type":"cond-expr","locations":[{"start":{"line":19,"column":48},"end":{"line":19,"column":55}},{"start":{"line":19,"column":55},"end":{"line":19,"column":null}}],"line":19},"2":{"loc":{"start":{"line":51,"column":21},"end":{"line":105,"column":null}},"type":"cond-expr","locations":[{"start":{"line":52,"column":24},"end":{"line":61,"column":30}},{"start":{"line":61,"column":24},"end":{"line":105,"column":null}}],"line":51}},"s":{"0":8,"1":40,"2":38,"3":2,"4":8,"5":40,"6":1,"7":7,"8":1,"9":1},"f":{"0":8,"1":40,"2":40,"3":1,"4":7,"5":1,"6":1},"b":{"0":[38,2],"1":[1,1],"2":[1,7]},"meta":{"lastBranch":3,"lastFunction":7,"lastStatement":10,"seen":{"f:1:24:1:34":0,"s:8:20:14:Infinity":0,"f:16:13:16:22":1,"b:17:8:17:Infinity:undefined:undefined:undefined:undefined":0,"s:17:8:17:Infinity":1,"s:17:36:17:Infinity":2,"s:19:8:19:Infinity":3,"b:19:48:19:55:19:55:19:Infinity":1,"s:22:4:111:Infinity":4,"f:30:33:30:38":2,"s:31:28:38:Infinity":5,"f:33:32:33:47":3,"s:33:47:33:Infinity":6,"b:52:24:61:30:61:24:105:Infinity":2,"f:61:30:61:35":4,"s:62:28:104:Infinity":7,"f:89:40:89:55":5,"s:89:55:89:Infinity":8,"f:96:40:96:55":6,"s:96:55:96:Infinity":9},"fnNames":{}}}
,"C:\\Users\\Hp\\Desktop\\Projects\\user-management-dashboard\\src\\utils\\constants.js": {"path":"C:\\Users\\Hp\\Desktop\\Projects\\user-management-dashboard\\src\\utils\\constants.js","statementMap":{"0":{"start":{"line":1,"column":27},"end":{"line":7,"column":null}}},"fnMap":{},"branchMap":{},"s":{"0":2},"f":{},"b":{},"meta":{"lastBranch":0,"lastFunction":0,"lastStatement":1,"seen":{"s:1:27:7:Infinity":0},"fnNames":{}}}
,"C:\\Users\\Hp\\Desktop\\Projects\\user-management-dashboard\\src\\utils\\sortUsers.js": {"path":"C:\\Users\\Hp\\Desktop\\Projects\\user-management-dashboard\\src\\utils\\sortUsers.js","statementMap":{"0":{"start":{"line":2,"column":2},"end":{"line":4,"column":null}},"1":{"start":{"line":3,"column":4},"end":{"line":3,"column":null}},"2":{"start":{"line":6,"column":22},"end":{"line":6,"column":null}},"3":{"start":{"line":8,"column":2},"end":{"line":21,"column":null}},"4":{"start":{"line":9,"column":19},"end":{"line":9,"column":null}},"5":{"start":{"line":10,"column":19},"end":{"line":10,"column":null}},"6":{"start":{"line":12,"column":4},"end":{"line":14,"column":null}},"7":{"start":{"line":13,"column":6},"end":{"line":13,"column":null}},"8":{"start":{"line":16,"column":4},"end":{"line":18,"column":null}},"9":{"start":{"line":17,"column":6},"end":{"line":17,"column":null}},"10":{"start":{"line":20,"column":4},"end":{"line":20,"column":null}},"11":{"start":{"line":23,"column":2},"end":{"line":23,"column":null}}},"fnMap":{"0":{"name":"sortUsers","decl":{"start":{"line":1,"column":16},"end":{"line":1,"column":26}},"loc":{"start":{"line":1,"column":45},"end":{"line":24,"column":null}},"line":1},"1":{"name":"(anonymous_1)","decl":{"start":{"line":8,"column":14},"end":{"line":8,"column":20}},"loc":{"start":{"line":8,"column":29},"end":{"line":21,"column":3}},"line":8}},"branchMap":{"0":{"loc":{"start":{"line":2,"column":2},"end":{"line":4,"column":null}},"type":"if","locations":[{"start":{"line":2,"column":2},"end":{"line":4,"column":null}},{"start":{},"end":{}}],"line":2},"1":{"loc":{"start":{"line":12,"column":4},"end":{"line":14,"column":null}},"type":"if","locations":[{"start":{"line":12,"column":4},"end":{"line":14,"column":null}},{"start":{},"end":{}}],"line":12},"2":{"loc":{"start":{"line":13,"column":13},"end":{"line":13,"column":null}},"type":"cond-expr","locations":[{"start":{"line":13,"column":46},"end":{"line":13,"column":51}},{"start":{"line":13,"column":51},"end":{"line":13,"column":null}}],"line":13},"3":{"loc":{"start":{"line":16,"column":4},"end":{"line":18,"column":null}},"type":"if","locations":[{"start":{"line":16,"column":4},"end":{"line":18,"column":null}},{"start":{},"end":{}}],"line":16},"4":{"loc":{"start":{"line":17,"column":13},"end":{"line":17,"column":null}},"type":"cond-expr","locations":[{"start":{"line":17,"column":46},"end":{"line":17,"column":50}},{"start":{"line":17,"column":50},"end":{"line":17,"column":null}}],"line":17}},"s":{"0":5,"1":1,"2":4,"3":4,"4":13,"5":13,"6":13,"7":6,"8":7,"9":6,"10":1,"11":4},"f":{"0":5,"1":13},"b":{"0":[1,4],"1":[6,7],"2":[4,2],"3":[6,1],"4":[4,2]},"meta":{"lastBranch":5,"lastFunction":2,"lastStatement":12,"seen":{"f:1:16:1:26":0,"b:2:2:4:Infinity:undefined:undefined:undefined:undefined":0,"s:2:2:4:Infinity":0,"s:3:4:3:Infinity":1,"s:6:22:6:Infinity":2,"s:8:2:21:Infinity":3,"f:8:14:8:20":1,"s:9:19:9:Infinity":4,"s:10:19:10:Infinity":5,"b:12:4:14:Infinity:undefined:undefined:undefined:undefined":1,"s:12:4:14:Infinity":6,"s:13:6:13:Infinity":7,"b:13:46:13:51:13:51:13:Infinity":2,"b:16:4:18:Infinity:undefined:undefined:undefined:undefined":3,"s:16:4:18:Infinity":8,"s:17:6:17:Infinity":9,"b:17:46:17:50:17:50:17:Infinity":4,"s:20:4:20:Infinity":10,"s:23:2:23:Infinity":11},"fnNames":{}}}
,"C:\\Users\\Hp\\Desktop\\Projects\\user-management-dashboard\\src\\utils\\transformUsers.js": {"path":"C:\\Users\\Hp\\Desktop\\Projects\\user-management-dashboard\\src\\utils\\transformUsers.js","statementMap":{"0":{"start":{"line":4,"column":2},"end":{"line":4,"column":null}},"1":{"start":{"line":8,"column":20},"end":{"line":8,"column":null}},"2":{"start":{"line":10,"column":2},"end":{"line":19,"column":null}},"3":{"start":{"line":23,"column":22},"end":{"line":23,"column":null}},"4":{"start":{"line":23,"column":42},"end":{"line":23,"column":70}},"5":{"start":{"line":25,"column":20},"end":{"line":25,"column":null}},"6":{"start":{"line":27,"column":15},"end":{"line":27,"column":null}},"7":{"start":{"line":29,"column":2},"end":{"line":39,"column":null}},"8":{"start":{"line":30,"column":21},"end":{"line":30,"column":null}},"9":{"start":{"line":32,"column":4},"end":{"line":38,"column":null}},"10":{"start":{"line":41,"column":2},"end":{"line":41,"column":null}}},"fnMap":{"0":{"name":"getRandomDepartment","decl":{"start":{"line":3,"column":9},"end":{"line":3,"column":31}},"loc":{"start":{"line":3,"column":31},"end":{"line":5,"column":null}},"line":3},"1":{"name":"transformUser","decl":{"start":{"line":7,"column":9},"end":{"line":7,"column":23}},"loc":{"start":{"line":7,"column":33},"end":{"line":20,"column":null}},"line":7},"2":{"name":"transformUsers","decl":{"start":{"line":22,"column":16},"end":{"line":22,"column":31}},"loc":{"start":{"line":22,"column":38},"end":{"line":42,"column":null}},"line":22},"3":{"name":"(anonymous_3)","decl":{"start":{"line":23,"column":28},"end":{"line":23,"column":33}},"loc":{"start":{"line":23,"column":42},"end":{"line":23,"column":70}},"line":23}},"branchMap":{"0":{"loc":{"start":{"line":17,"column":13},"end":{"line":17,"column":null}},"type":"binary-expr","locations":[{"start":{"line":17,"column":13},"end":{"line":17,"column":35}},{"start":{"line":17,"column":35},"end":{"line":17,"column":null}}],"line":17}},"s":{"0":203,"1":3,"2":3,"3":2,"4":3,"5":2,"6":2,"7":2,"8":200,"9":200,"10":2},"f":{"0":203,"1":3,"2":2,"3":3},"b":{"0":[3,1]},"meta":{"lastBranch":1,"lastFunction":4,"lastStatement":11,"seen":{"f:3:9:3:31":0,"s:4:2:4:Infinity":0,"f:7:9:7:23":1,"s:8:20:8:Infinity":1,"s:10:2:19:Infinity":2,"b:17:13:17:35:17:35:17:Infinity":0,"f:22:16:22:31":2,"s:23:22:23:Infinity":3,"f:23:28:23:33":3,"s:23:42:23:70":4,"s:25:20:25:Infinity":5,"s:27:15:27:Infinity":6,"s:29:2:39:Infinity":7,"s:30:21:30:Infinity":8,"s:32:4:38:Infinity":9,"s:41:2:41:Infinity":10},"fnNames":{}}}
}
